<?xml version="1.0" encoding="UTF-8"?>
<testsuite name="Lab1UnitTests" tests="3" skipped="0" failures="0" errors="0" timestamp="2022-03-15T14:30:15" hostname="lemonMint" time="0.041">
  <properties/>
  <testcase name="Get full address()" classname="Lab1UnitTests" time="0.034"/>
  <testcase name="Parse addresses fail()" classname="Lab1UnitTests" time="0.002"/>
  <testcase name="Parse addresses pass()" classname="Lab1UnitTests" time="0.003"/>
  <system-out><![CDATA[]]></system-out>
  <system-err><![CDATA[]]></system-err>
</testsuite>
